06082021:025438-- code:1 --
Credenciales correctas.
----------------------------------------

06082021:030230-- code:1 --
Credenciales correctas.
----------------------------------------

06082021:030316-- code:1 --
Credenciales correctas.
----------------------------------------

06082021:030347-- code:1 --
Credenciales correctas.
----------------------------------------

06082021:030407-- code:1 --
Credenciales correctas.
----------------------------------------

06082021:030441-- code:1 --
Credenciales correctas.
----------------------------------------

06082021:030458-- code:1 --
Credenciales correctas.
----------------------------------------

06082021:030627-- code:1 --
Credenciales correctas.
----------------------------------------

06082021:030717-- code:1 --
Credenciales correctas.
----------------------------------------

06082021:031023-- code:1 --
Credenciales correctas.
----------------------------------------

06082021:031344-- code:1 --
Credenciales correctas.
----------------------------------------

06082021:031441-- code:1 --
Credenciales correctas.
----------------------------------------

06082021:032115-- code:1 --
Credenciales correctas.
----------------------------------------

06082021:032115-- code:1 --
Redireccionando a sitio seguro BG.
----------------------------------------

06082021:032115-- code:4 --
Undefined index: uri
----------------------------------------

06082021:032142-- code:1 --
Credenciales correctas.
----------------------------------------

06082021:032142-- code:1 --
Redireccionando a sitio seguro BG.
----------------------------------------

06082021:032142-- code:4 --
Undefined index: uri
----------------------------------------

06082021:032218-- code:1 --
Credenciales correctas.
----------------------------------------

06082021:032218-- code:1 --
Redireccionando a sitio seguro BG.
----------------------------------------

06082021:032410-- code:1 --
Credenciales correctas.
----------------------------------------

06082021:032410-- code:1 --
Redireccionando a sitio seguro BG.
----------------------------------------

06082021:032501-- code:1 --
Credenciales correctas.
----------------------------------------

06082021:032616-- code:1 --
Credenciales correctas.
----------------------------------------

06082021:032700-- code:1 --
Credenciales correctas.
----------------------------------------

06082021:032716-- code:1 --
Credenciales correctas.
----------------------------------------

06082021:032730-- code:1 --
Credenciales correctas.
----------------------------------------

06082021:032743-- code:1 --
Credenciales correctas.
----------------------------------------

06082021:032751-- code:1 --
Credenciales correctas.
----------------------------------------

06082021:033003-- code:1 --
Credenciales correctas.
----------------------------------------

06082021:033003-- code:1 --
Credenciales correctas.
----------------------------------------

06082021:033521-- code:1 --
Credenciales correctas.
----------------------------------------

06082021:033521-- code:1 --
Credenciales correctas.
----------------------------------------

06082021:034304-- code:1 --
Credenciales correctas.
----------------------------------------

06082021:034304-- code:1 --
Credenciales correctas.
----------------------------------------

06082021:034502-- code:1 --
Credenciales correctas.
----------------------------------------

06082021:034502-- code:1 --
Credenciales correctas.
----------------------------------------

06082021:034715-- code:1 --
Credenciales correctas.
----------------------------------------

06082021:034715-- code:1 --
Credenciales correctas.
----------------------------------------

06082021:034903-- code:1 --
Credenciales correctas.
----------------------------------------

06082021:034903-- code:1 --
Credenciales correctas.
----------------------------------------

06082021:035023-- code:1 --
Credenciales correctas.
----------------------------------------

06082021:035023-- code:1 --
Credenciales correctas.
----------------------------------------

06082021:035203-- code:1 --
Credenciales correctas.
----------------------------------------

06082021:035203-- code:1 --
Credenciales correctas.
----------------------------------------

07082021:020901-- code:1 --
Credenciales correctas.
----------------------------------------

07082021:020901-- code:1 --
Credenciales correctas.
----------------------------------------

07082021:030426-- code:1 --
Credenciales correctas.
----------------------------------------

07082021:030426-- code:1 --
Credenciales correctas.
----------------------------------------

07082021:030637-- code:1 --
Credenciales correctas.
----------------------------------------

07082021:030637-- code:1 --
Credenciales correctas.
----------------------------------------

